<?xml version="1.0" encoding="UTF-8"?>
<testng-results ignored="0" total="10" passed="9" failed="1" skipped="0">
  <reporter-output>
  </reporter-output>
  <suite started-at="2024-03-02T18:18:19 IST" name="Suite" finished-at="2024-03-02T18:22:15 IST" duration-ms="236405">
    <groups>
      <group name="regression">
        <method signature="TestCase1_UpcomingBikeDetails.clickNewBikes()[pri:0, instance:TestCase.TestCase1_UpcomingBikeDetails@7d8995e]" name="clickNewBikes" class="TestCase.TestCase1_UpcomingBikeDetails"/>
        <method signature="TestCase1_UpcomingBikeDetails.clickUpcomingBikes()[pri:0, instance:TestCase.TestCase1_UpcomingBikeDetails@7d8995e]" name="clickUpcomingBikes" class="TestCase.TestCase1_UpcomingBikeDetails"/>
        <method signature="TestCase2_UsedCarsDetails.UsedCarDetails()[pri:0, instance:TestCase.TestCase2_UsedCarsDetails@3349e9bb]" name="UsedCarDetails" class="TestCase.TestCase2_UsedCarsDetails"/>
        <method signature="TestCase3_GoogleLogin.verifyLoginPage()[pri:0, instance:TestCase.TestCase3_GoogleLogin@409bf450]" name="verifyLoginPage" class="TestCase.TestCase3_GoogleLogin"/>
        <method signature="TestCase4_GoogleSignup.verifyLoginPage()[pri:0, instance:TestCase.TestCase4_GoogleSignup@38d8f54a]" name="verifyLoginPage" class="TestCase.TestCase4_GoogleSignup"/>
        <method signature="TestCase1_UpcomingBikeDetails.clickNewBikes()[pri:0, instance:TestCase.TestCase1_UpcomingBikeDetails@28701274]" name="clickNewBikes" class="TestCase.TestCase1_UpcomingBikeDetails"/>
        <method signature="TestCase1_UpcomingBikeDetails.clickUpcomingBikes()[pri:0, instance:TestCase.TestCase1_UpcomingBikeDetails@28701274]" name="clickUpcomingBikes" class="TestCase.TestCase1_UpcomingBikeDetails"/>
        <method signature="TestCase2_UsedCarsDetails.UsedCarDetails()[pri:0, instance:TestCase.TestCase2_UsedCarsDetails@13c9d689]" name="UsedCarDetails" class="TestCase.TestCase2_UsedCarsDetails"/>
        <method signature="TestCase3_GoogleLogin.verifyLoginPage()[pri:0, instance:TestCase.TestCase3_GoogleLogin@3754a4bf]" name="verifyLoginPage" class="TestCase.TestCase3_GoogleLogin"/>
        <method signature="TestCase4_GoogleSignup.verifyLoginPage()[pri:0, instance:TestCase.TestCase4_GoogleSignup@62379589]" name="verifyLoginPage" class="TestCase.TestCase4_GoogleSignup"/>
      </group> <!-- regression -->
      <group name="smoke">
        <method signature="TestCase1_UpcomingBikeDetails.clickNewBikes()[pri:0, instance:TestCase.TestCase1_UpcomingBikeDetails@7d8995e]" name="clickNewBikes" class="TestCase.TestCase1_UpcomingBikeDetails"/>
        <method signature="TestCase1_UpcomingBikeDetails.clickUpcomingBikes()[pri:0, instance:TestCase.TestCase1_UpcomingBikeDetails@7d8995e]" name="clickUpcomingBikes" class="TestCase.TestCase1_UpcomingBikeDetails"/>
        <method signature="TestCase3_GoogleLogin.verifyLoginPage()[pri:0, instance:TestCase.TestCase3_GoogleLogin@409bf450]" name="verifyLoginPage" class="TestCase.TestCase3_GoogleLogin"/>
        <method signature="TestCase1_UpcomingBikeDetails.clickNewBikes()[pri:0, instance:TestCase.TestCase1_UpcomingBikeDetails@28701274]" name="clickNewBikes" class="TestCase.TestCase1_UpcomingBikeDetails"/>
        <method signature="TestCase1_UpcomingBikeDetails.clickUpcomingBikes()[pri:0, instance:TestCase.TestCase1_UpcomingBikeDetails@28701274]" name="clickUpcomingBikes" class="TestCase.TestCase1_UpcomingBikeDetails"/>
        <method signature="TestCase3_GoogleLogin.verifyLoginPage()[pri:0, instance:TestCase.TestCase3_GoogleLogin@3754a4bf]" name="verifyLoginPage" class="TestCase.TestCase3_GoogleLogin"/>
      </group> <!-- smoke -->
      <group name="master">
        <method signature="TestCase1_UpcomingBikeDetails.clickNewBikes()[pri:0, instance:TestCase.TestCase1_UpcomingBikeDetails@7d8995e]" name="clickNewBikes" class="TestCase.TestCase1_UpcomingBikeDetails"/>
        <method signature="TestCase1_UpcomingBikeDetails.clickUpcomingBikes()[pri:0, instance:TestCase.TestCase1_UpcomingBikeDetails@7d8995e]" name="clickUpcomingBikes" class="TestCase.TestCase1_UpcomingBikeDetails"/>
        <method signature="TestCase2_UsedCarsDetails.UsedCarDetails()[pri:0, instance:TestCase.TestCase2_UsedCarsDetails@3349e9bb]" name="UsedCarDetails" class="TestCase.TestCase2_UsedCarsDetails"/>
        <method signature="TestCase3_GoogleLogin.verifyLoginPage()[pri:0, instance:TestCase.TestCase3_GoogleLogin@409bf450]" name="verifyLoginPage" class="TestCase.TestCase3_GoogleLogin"/>
        <method signature="TestCase4_GoogleSignup.verifyLoginPage()[pri:0, instance:TestCase.TestCase4_GoogleSignup@38d8f54a]" name="verifyLoginPage" class="TestCase.TestCase4_GoogleSignup"/>
        <method signature="TestCase1_UpcomingBikeDetails.clickNewBikes()[pri:0, instance:TestCase.TestCase1_UpcomingBikeDetails@28701274]" name="clickNewBikes" class="TestCase.TestCase1_UpcomingBikeDetails"/>
        <method signature="TestCase1_UpcomingBikeDetails.clickUpcomingBikes()[pri:0, instance:TestCase.TestCase1_UpcomingBikeDetails@28701274]" name="clickUpcomingBikes" class="TestCase.TestCase1_UpcomingBikeDetails"/>
        <method signature="TestCase2_UsedCarsDetails.UsedCarDetails()[pri:0, instance:TestCase.TestCase2_UsedCarsDetails@13c9d689]" name="UsedCarDetails" class="TestCase.TestCase2_UsedCarsDetails"/>
        <method signature="TestCase3_GoogleLogin.verifyLoginPage()[pri:0, instance:TestCase.TestCase3_GoogleLogin@3754a4bf]" name="verifyLoginPage" class="TestCase.TestCase3_GoogleLogin"/>
        <method signature="TestCase4_GoogleSignup.verifyLoginPage()[pri:0, instance:TestCase.TestCase4_GoogleSignup@62379589]" name="verifyLoginPage" class="TestCase.TestCase4_GoogleSignup"/>
      </group> <!-- master -->
    </groups>
    <test started-at="2024-03-02T18:18:19 IST" name="ChromeTest" finished-at="2024-03-02T18:20:23 IST" duration-ms="124068">
      <class name="TestCase.TestCase3_GoogleLogin">
        <test-method signature="verifyLoginPage()[pri:0, instance:TestCase.TestCase3_GoogleLogin@409bf450]" started-at="2024-03-02T18:19:51 IST" name="verifyLoginPage" finished-at="2024-03-02T18:19:57 IST" duration-ms="6016" status="PASS">
          <reporter-output>
          </reporter-output>
        </test-method> <!-- verifyLoginPage -->
      </class> <!-- TestCase.TestCase3_GoogleLogin -->
      <class name="TestCase.TestCase1_UpcomingBikeDetails">
        <test-method is-config="true" signature="invokeBrowser(java.lang.String,java.lang.String)[pri:0, instance:TestCase.TestCase1_UpcomingBikeDetails@7d8995e]" started-at="2024-03-02T18:18:19 IST" name="invokeBrowser" finished-at="2024-03-02T18:18:36 IST" duration-ms="17152" status="PASS">
          <params>
            <param index="0">
              <value>
                <![CDATA[Windows]]>
              </value>
            </param>
            <param index="1">
              <value>
                <![CDATA[chrome]]>
              </value>
            </param>
          </params>
          <reporter-output>
          </reporter-output>
        </test-method> <!-- invokeBrowser -->
        <test-method signature="clickNewBikes()[pri:0, instance:TestCase.TestCase1_UpcomingBikeDetails@7d8995e]" started-at="2024-03-02T18:18:37 IST" name="clickNewBikes" finished-at="2024-03-02T18:18:56 IST" duration-ms="19357" status="PASS">
          <reporter-output>
          </reporter-output>
        </test-method> <!-- clickNewBikes -->
        <test-method signature="clickUpcomingBikes()[pri:0, instance:TestCase.TestCase1_UpcomingBikeDetails@7d8995e]" started-at="2024-03-02T18:18:56 IST" name="clickUpcomingBikes" finished-at="2024-03-02T18:19:21 IST" depends-on-methods="TestCase.TestCase1_UpcomingBikeDetails.clickNewBikes" duration-ms="24195" status="PASS">
          <reporter-output>
          </reporter-output>
        </test-method> <!-- clickUpcomingBikes -->
        <test-method is-config="true" signature="tearDown()[pri:0, instance:TestCase.TestCase1_UpcomingBikeDetails@7d8995e]" started-at="2024-03-02T18:20:21 IST" name="tearDown" finished-at="2024-03-02T18:20:23 IST" duration-ms="1465" status="PASS">
          <reporter-output>
          </reporter-output>
        </test-method> <!-- tearDown -->
      </class> <!-- TestCase.TestCase1_UpcomingBikeDetails -->
      <class name="TestCase.TestCase2_UsedCarsDetails">
        <test-method signature="UsedCarDetails()[pri:0, instance:TestCase.TestCase2_UsedCarsDetails@3349e9bb]" started-at="2024-03-02T18:19:24 IST" name="UsedCarDetails" finished-at="2024-03-02T18:19:51 IST" duration-ms="26914" status="PASS">
          <reporter-output>
          </reporter-output>
        </test-method> <!-- UsedCarDetails -->
      </class> <!-- TestCase.TestCase2_UsedCarsDetails -->
      <class name="TestCase.TestCase4_GoogleSignup">
        <test-method signature="verifyLoginPage()[pri:0, instance:TestCase.TestCase4_GoogleSignup@38d8f54a]" started-at="2024-03-02T18:19:58 IST" name="verifyLoginPage" finished-at="2024-03-02T18:20:21 IST" duration-ms="23160" status="FAIL">
          <exception class="java.lang.AssertionError">
            <message>
              <![CDATA[null]]>
            </message>
            <full-stacktrace>
              <![CDATA[java.lang.AssertionError: null
at org.testng.Assert.fail(Assert.java:111)
at org.testng.Assert.fail(Assert.java:116)
at TestCase.TestCase4_GoogleSignup.verifyLoginPage(TestCase4_GoogleSignup.java:37)
at java.base/jdk.internal.reflect.NativeMethodAccessorImpl.invoke0(Native Method)
at java.base/jdk.internal.reflect.NativeMethodAccessorImpl.invoke(NativeMethodAccessorImpl.java:77)
at java.base/jdk.internal.reflect.DelegatingMethodAccessorImpl.invoke(DelegatingMethodAccessorImpl.java:43)
at java.base/java.lang.reflect.Method.invoke(Method.java:568)
at org.testng.internal.invokers.MethodInvocationHelper.invokeMethod(MethodInvocationHelper.java:139)
at org.testng.internal.invokers.TestInvoker.invokeMethod(TestInvoker.java:664)
at org.testng.internal.invokers.TestInvoker.invokeTestMethod(TestInvoker.java:227)
at org.testng.internal.invokers.MethodRunner.runInSequence(MethodRunner.java:50)
at org.testng.internal.invokers.TestInvoker$MethodInvocationAgent.invoke(TestInvoker.java:957)
at org.testng.internal.invokers.TestInvoker.invokeTestMethods(TestInvoker.java:200)
at org.testng.internal.invokers.TestMethodWorker.invokeTestMethods(TestMethodWorker.java:148)
at org.testng.internal.invokers.TestMethodWorker.run(TestMethodWorker.java:128)
at java.base/java.util.ArrayList.forEach(ArrayList.java:1511)
at org.testng.TestRunner.privateRun(TestRunner.java:848)
at org.testng.TestRunner.run(TestRunner.java:621)
at org.testng.SuiteRunner.runTest(SuiteRunner.java:443)
at org.testng.SuiteRunner.runSequentially(SuiteRunner.java:437)
at org.testng.SuiteRunner.privateRun(SuiteRunner.java:397)
at org.testng.SuiteRunner.run(SuiteRunner.java:336)
at org.testng.SuiteRunnerWorker.runSuite(SuiteRunnerWorker.java:52)
at org.testng.SuiteRunnerWorker.run(SuiteRunnerWorker.java:95)
at org.testng.TestNG.runSuitesSequentially(TestNG.java:1280)
at org.testng.TestNG.runSuitesLocally(TestNG.java:1200)
at org.testng.TestNG.runSuites(TestNG.java:1114)
at org.testng.TestNG.run(TestNG.java:1082)
at org.apache.maven.surefire.testng.TestNGExecutor.run(TestNGExecutor.java:308)
at org.apache.maven.surefire.testng.TestNGXmlTestSuite.execute(TestNGXmlTestSuite.java:71)
at org.apache.maven.surefire.testng.TestNGProvider.invoke(TestNGProvider.java:113)
at org.apache.maven.surefire.booter.ForkedBooter.runSuitesInProcess(ForkedBooter.java:385)
at org.apache.maven.surefire.booter.ForkedBooter.execute(ForkedBooter.java:162)
at org.apache.maven.surefire.booter.ForkedBooter.run(ForkedBooter.java:507)
at org.apache.maven.surefire.booter.ForkedBooter.main(ForkedBooter.java:495)
]]>
            </full-stacktrace>
          </exception> <!-- java.lang.AssertionError -->
          <reporter-output>
          </reporter-output>
        </test-method> <!-- verifyLoginPage -->
      </class> <!-- TestCase.TestCase4_GoogleSignup -->
    </test> <!-- ChromeTest -->
    <test started-at="2024-03-02T18:20:35 IST" name="EdgeTest" finished-at="2024-03-02T18:22:15 IST" duration-ms="100123">
      <class name="TestCase.TestCase3_GoogleLogin">
        <test-method signature="verifyLoginPage()[pri:0, instance:TestCase.TestCase3_GoogleLogin@3754a4bf]" started-at="2024-03-02T18:21:57 IST" name="verifyLoginPage" finished-at="2024-03-02T18:22:03 IST" duration-ms="6469" status="PASS">
          <reporter-output>
          </reporter-output>
        </test-method> <!-- verifyLoginPage -->
      </class> <!-- TestCase.TestCase3_GoogleLogin -->
      <class name="TestCase.TestCase1_UpcomingBikeDetails">
        <test-method is-config="true" signature="invokeBrowser(java.lang.String,java.lang.String)[pri:0, instance:TestCase.TestCase1_UpcomingBikeDetails@28701274]" started-at="2024-03-02T18:20:35 IST" name="invokeBrowser" finished-at="2024-03-02T18:20:58 IST" duration-ms="23208" status="PASS">
          <params>
            <param index="0">
              <value>
                <![CDATA[Edge]]>
              </value>
            </param>
            <param index="1">
              <value>
                <![CDATA[edge]]>
              </value>
            </param>
          </params>
          <reporter-output>
          </reporter-output>
        </test-method> <!-- invokeBrowser -->
        <test-method signature="clickNewBikes()[pri:0, instance:TestCase.TestCase1_UpcomingBikeDetails@28701274]" started-at="2024-03-02T18:20:58 IST" name="clickNewBikes" finished-at="2024-03-02T18:21:13 IST" duration-ms="14776" status="PASS">
          <reporter-output>
          </reporter-output>
        </test-method> <!-- clickNewBikes -->
        <test-method signature="clickUpcomingBikes()[pri:0, instance:TestCase.TestCase1_UpcomingBikeDetails@28701274]" started-at="2024-03-02T18:21:13 IST" name="clickUpcomingBikes" finished-at="2024-03-02T18:21:30 IST" depends-on-methods="TestCase.TestCase1_UpcomingBikeDetails.clickNewBikes" duration-ms="16928" status="PASS">
          <reporter-output>
          </reporter-output>
        </test-method> <!-- clickUpcomingBikes -->
        <test-method is-config="true" signature="tearDown()[pri:0, instance:TestCase.TestCase1_UpcomingBikeDetails@28701274]" started-at="2024-03-02T18:22:13 IST" name="tearDown" finished-at="2024-03-02T18:22:15 IST" duration-ms="1498" status="PASS">
          <reporter-output>
          </reporter-output>
        </test-method> <!-- tearDown -->
      </class> <!-- TestCase.TestCase1_UpcomingBikeDetails -->
      <class name="TestCase.TestCase2_UsedCarsDetails">
        <test-method signature="UsedCarDetails()[pri:0, instance:TestCase.TestCase2_UsedCarsDetails@13c9d689]" started-at="2024-03-02T18:21:32 IST" name="UsedCarDetails" finished-at="2024-03-02T18:21:56 IST" duration-ms="24662" status="PASS">
          <reporter-output>
          </reporter-output>
        </test-method> <!-- UsedCarDetails -->
      </class> <!-- TestCase.TestCase2_UsedCarsDetails -->
      <class name="TestCase.TestCase4_GoogleSignup">
        <test-method signature="verifyLoginPage()[pri:0, instance:TestCase.TestCase4_GoogleSignup@62379589]" started-at="2024-03-02T18:22:04 IST" name="verifyLoginPage" finished-at="2024-03-02T18:22:13 IST" duration-ms="9593" status="PASS">
          <reporter-output>
          </reporter-output>
        </test-method> <!-- verifyLoginPage -->
      </class> <!-- TestCase.TestCase4_GoogleSignup -->
    </test> <!-- EdgeTest -->
  </suite> <!-- Suite -->
</testng-results>
